
> booking-backend@1.0.0 start:dev
> nest start --watch

[2J[3J[H[[90m1:38:40 PM[0m] Starting compilation in watch mode...

[[90m1:38:43 PM[0m] Found 0 errors. Watching for file changes.

node:internal/modules/cjs/loader:1386
  throw err;
  ^

Error: Cannot find module '/home/zhaoge/temp/secondClient/booking-backend/dist/main'
    at Function._resolveFilename (node:internal/modules/cjs/loader:1383:15)
    at defaultResolveImpl (node:internal/modules/cjs/loader:1025:19)
    at resolveForCJSWithHooks (node:internal/modules/cjs/loader:1030:22)
    at Function._load (node:internal/modules/cjs/loader:1192:37)
    at TracingChannel.traceSync (node:diagnostics_channel:322:14)
    at wrapModuleLoad (node:internal/modules/cjs/loader:237:24)
    at Function.executeUserEntryPoint [as runMain] (node:internal/modules/run_main:171:5)
    at node:internal/main/run_main_module:36:49 {
  code: 'MODULE_NOT_FOUND',
  requireStack: []
}

Node.js v22.19.0
